Using pre-set license

 COMMAND LINE ARGUMENTS:
/Applications/Unity/Hub/Editor/2020.3.11f1/Unity.app/Contents/MacOS/Unity
-adb2
-batchMode
-noUpm
-name
AssetImportWorker0
-projectPath
/Users/richardnovoa/Documents/GitHub/MERN-stack/MonstersGo/MonstersGo
-logFile
Logs/AssetImportWorker0.log
-srvPort
65273
Successfully changed project path to: /Users/richardnovoa/Documents/GitHub/MERN-stack/MonstersGo/MonstersGo
/Users/richardnovoa/Documents/GitHub/MERN-stack/MonstersGo/MonstersGo
Using Asset Import Pipeline V2.
Refreshing native plugins compatible for Editor in 55.89 ms, found 2 plugins.
Preloading 0 native plugins for Editor in 0.00 ms.
Initialize engine version: 2020.3.11f1 (99c7afb366b3)
[Subsystems] Discovering subsystems at path /Applications/Unity/Hub/Editor/2020.3.11f1/Unity.app/Contents/Resources/UnitySubsystems
[Subsystems] Discovering subsystems at path /Users/richardnovoa/Documents/GitHub/MERN-stack/MonstersGo/MonstersGo/Assets
GfxDevice: creating device client; threaded=0
2022-02-02 21:55:52.169 Unity[40022:1908738] Color LCD preferred device: Intel(R) Iris(TM) Plus Graphics 655 (low power)
2022-02-02 21:55:52.169 Unity[40022:1908738] Metal devices available: 1
2022-02-02 21:55:52.169 Unity[40022:1908738] 0: Intel(R) Iris(TM) Plus Graphics 655 (low power)
2022-02-02 21:55:52.169 Unity[40022:1908738] Using device Intel(R) Iris(TM) Plus Graphics 655 (low power)
Initializing Metal device caps: Intel(R) Iris(TM) Plus Graphics 655
Initialize mono
Mono path[0] = '/Applications/Unity/Hub/Editor/2020.3.11f1/Unity.app/Contents/Managed'
Mono path[1] = '/Applications/Unity/Hub/Editor/2020.3.11f1/Unity.app/Contents/MonoBleedingEdge/lib/mono/unityjit'
Mono config path = '/Applications/Unity/Hub/Editor/2020.3.11f1/Unity.app/Contents/MonoBleedingEdge/etc'
Using monoOptions --debugger-agent=transport=dt_socket,embedding=1,server=y,suspend=n,address=127.0.0.1:56022
Begin MonoManager ReloadAssembly
Registering precompiled unity dll's ...
Register platform support module: /Applications/Unity/Hub/Editor/2020.3.11f1/PlaybackEngines/WebGLSupport/UnityEditor.WebGL.Extensions.dll
Register platform support module: /Applications/Unity/Hub/Editor/2020.3.11f1/Unity.app/Contents/PlaybackEngines/MacStandaloneSupport/UnityEditor.OSXStandalone.Extensions.dll
Registered in 0.004323 seconds.
Native extension for OSXStandalone target not found
Native extension for WebGL target not found
Refreshing native plugins compatible for Editor in 38.93 ms, found 2 plugins.
Preloading 0 native plugins for Editor in 0.00 ms.
Mono: successfully reloaded assembly
- Completed reload, in  2.327 seconds
Platform modules already initialized, skipping
Registering precompiled user dll's ...
Registered in 0.008193 seconds.
Begin MonoManager ReloadAssembly
Native extension for OSXStandalone target not found
Native extension for WebGL target not found
Refreshing native plugins compatible for Editor in 36.58 ms, found 2 plugins.
Preloading 0 native plugins for Editor in 0.00 ms.
Mono: successfully reloaded assembly
- Completed reload, in  1.472 seconds
Platform modules already initialized, skipping
========================================================================
Worker process is ready to serve import requests
Launching external process: /Applications/Unity/Hub/Editor/2020.3.11f1/Unity.app/Contents/Tools/UnityShaderCompiler
Launched and connected shader compiler UnityShaderCompiler after 0.02 seconds
Refreshing native plugins compatible for Editor in 0.42 ms, found 2 plugins.
Preloading 0 native plugins for Editor in 0.00 ms.
Unloading 1749 Unused Serialized files (Serialized files now loaded: 0)
System memory in use before: 147.4 MB.
System memory in use after: 147.5 MB.

Unloading 20 unused Assets to reduce memory usage. Loaded Objects now: 2183.
Total: 5.893338 ms (FindLiveObjects: 0.919442 ms CreateObjectMapping: 0.131753 ms MarkObjects: 4.753384 ms  DeleteObjects: 0.087579 ms)

========================================================================
Received Import Request.
  path: Assets/ARPokemonGoAssets/Ball
  artifactKey: Guid(e29089dd128fdee47bfe0cd36ba57826) Importer(815301076,1909f56bfc062723c751e8b465ee728b)
Start importing Assets/ARPokemonGoAssets/Ball using Guid(e29089dd128fdee47bfe0cd36ba57826) Importer(815301076,1909f56bfc062723c751e8b465ee728b)  -> (artifact id: 'ccdade18a28854d3d519ea7ca08ab32e') in 0.003833 seconds
  Import took 0.006346 seconds .

========================================================================
Received Import Request.
  Time since last request: 0.000197 seconds.
  path: Assets/ARPokemonGoAssets/Ball/Material.mat
  artifactKey: Guid(4a16edc811e08dc47916e6a1ebe24085) Importer(815301076,1909f56bfc062723c751e8b465ee728b)
Start importing Assets/ARPokemonGoAssets/Ball/Material.mat using Guid(4a16edc811e08dc47916e6a1ebe24085) Importer(815301076,1909f56bfc062723c751e8b465ee728b)  -> (artifact id: 'bdeb27d1e8dd3e37a2a35c6d8b58cfac') in 1.296529 seconds
  Import took 1.299816 seconds .

========================================================================
Received Import Request.
  Time since last request: 0.000203 seconds.
  path: Assets/ARPokemonGoAssets/Ball/Material.002.mat
  artifactKey: Guid(9d39e2aefecb2b14191062a4984f7300) Importer(815301076,1909f56bfc062723c751e8b465ee728b)
Start importing Assets/ARPokemonGoAssets/Ball/Material.002.mat using Guid(9d39e2aefecb2b14191062a4984f7300) Importer(815301076,1909f56bfc062723c751e8b465ee728b)  -> (artifact id: '11ca23fb9553a228485ee11a36050cee') in 0.098829 seconds
  Import took 0.102416 seconds .

========================================================================
Received Import Request.
  Time since last request: 0.000220 seconds.
  path: Assets/ARPokemonGoAssets/Ball/poke.mat
  artifactKey: Guid(b259a52568a75d54795e960220278b25) Importer(815301076,1909f56bfc062723c751e8b465ee728b)
Start importing Assets/ARPokemonGoAssets/Ball/poke.mat using Guid(b259a52568a75d54795e960220278b25) Importer(815301076,1909f56bfc062723c751e8b465ee728b)  -> (artifact id: '974c3e073d42e7b2e5a543ba9da5087c') in 0.013160 seconds
  Import took 0.016368 seconds .

========================================================================
Received Import Request.
  Time since last request: 0.000236 seconds.
  path: Assets/ARPokemonGoAssets/Ball/poke.jpg
  artifactKey: Guid(3da301ab6ab2d06449923c7c154cd8dd) Importer(815301076,1909f56bfc062723c751e8b465ee728b)
Start importing Assets/ARPokemonGoAssets/Ball/poke.jpg using Guid(3da301ab6ab2d06449923c7c154cd8dd) Importer(815301076,1909f56bfc062723c751e8b465ee728b)  -> (artifact id: '4c8dc7a6f8aadbb2247f1a234ff9063c') in 1.145464 seconds
  Import took 1.148397 seconds .

========================================================================
Received Import Request.
  Time since last request: 0.000314 seconds.
  path: Assets/ARPokemonGoAssets/Ball/Material.001.mat
  artifactKey: Guid(ccfd146fd0a21d74784cb4a41957bbe9) Importer(815301076,1909f56bfc062723c751e8b465ee728b)
Start importing Assets/ARPokemonGoAssets/Ball/Material.001.mat using Guid(ccfd146fd0a21d74784cb4a41957bbe9) Importer(815301076,1909f56bfc062723c751e8b465ee728b)  -> (artifact id: '206cd5037ee66d729fab74966b1b1e4d') in 0.009654 seconds
  Import took 0.013008 seconds .

========================================================================
Received Import Request.
  Time since last request: 0.000216 seconds.
  path: Assets/ARPokemonGoAssets/Ball/pokeball.blend
  artifactKey: Guid(7dd71e6851461544286ae72662d4e999) Importer(815301076,1909f56bfc062723c751e8b465ee728b)
Start importing Assets/ARPokemonGoAssets/Ball/pokeball.blend using Guid(7dd71e6851461544286ae72662d4e999) Importer(815301076,1909f56bfc062723c751e8b465ee728b)  -> (artifact id: '57b3ec396b950788c7b39f00bbad3065') in 1.334009 seconds
  Import took 1.337559 seconds .

========================================================================
Received Import Request.
  Time since last request: 221.357453 seconds.
  path: Assets/ARPokemonGoAssets/Prefabs/ARPlane.prefab
  artifactKey: Guid(0911c493256634a4db6536250097c2dd) Importer(815301076,1909f56bfc062723c751e8b465ee728b)
Start importing Assets/ARPokemonGoAssets/Prefabs/ARPlane.prefab using Guid(0911c493256634a4db6536250097c2dd) Importer(815301076,1909f56bfc062723c751e8b465ee728b)  -> (artifact id: '30327a7f1cf3924c602826d7cdcab71e') in 0.384494 seconds
  Import took 0.389270 seconds .

========================================================================
Received Import Request.
  Time since last request: 0.000219 seconds.
  path: Assets/ARPokemonGoAssets/Prefabs/PokeBall.prefab
  artifactKey: Guid(0d41fe58ea4ae804199985ecb27195ef) Importer(815301076,1909f56bfc062723c751e8b465ee728b)
Start importing Assets/ARPokemonGoAssets/Prefabs/PokeBall.prefab using Guid(0d41fe58ea4ae804199985ecb27195ef) Importer(815301076,1909f56bfc062723c751e8b465ee728b)  -> (artifact id: '2a7ba0368e458c8906293d6d6d9cb5c1') in 0.024979 seconds
  Import took 0.029071 seconds .

========================================================================
Received Import Request.
  Time since last request: 0.000217 seconds.
  path: Assets/ARPokemonGoAssets/Prefabs/Monster.prefab
  artifactKey: Guid(72c4dbe55d327c34e8cf13eaa39e661d) Importer(815301076,1909f56bfc062723c751e8b465ee728b)
Start importing Assets/ARPokemonGoAssets/Prefabs/Monster.prefab using Guid(72c4dbe55d327c34e8cf13eaa39e661d) Importer(815301076,1909f56bfc062723c751e8b465ee728b)  -> (artifact id: 'bd5229a96457d1c6dbace9579bdd63ba') in 0.043825 seconds
  Import took 0.047602 seconds .

========================================================================
Received Import Request.
  Time since last request: 120.738943 seconds.
  path: Assets/ARPokemonGoAssets/Prefabs/Monster.prefab
  artifactKey: Guid(72c4dbe55d327c34e8cf13eaa39e661d) Importer(815301076,1909f56bfc062723c751e8b465ee728b)
Start importing Assets/ARPokemonGoAssets/Prefabs/Monster.prefab using Guid(72c4dbe55d327c34e8cf13eaa39e661d) Importer(815301076,1909f56bfc062723c751e8b465ee728b)  -> (artifact id: '51628eb715cae7a6b2686dccc91d046b') in 0.018680 seconds
  Import took 0.023201 seconds .

========================================================================
Received Import Request.
  Time since last request: 2.991855 seconds.
  path: Assets/ARPokemonGoAssets/Prefabs/Monster.prefab
  artifactKey: Guid(72c4dbe55d327c34e8cf13eaa39e661d) Importer(815301076,1909f56bfc062723c751e8b465ee728b)
Start importing Assets/ARPokemonGoAssets/Prefabs/Monster.prefab using Guid(72c4dbe55d327c34e8cf13eaa39e661d) Importer(815301076,1909f56bfc062723c751e8b465ee728b)  -> (artifact id: 'ad8d24888809ad1259fa1d0167c2d220') in 0.016397 seconds
  Import took 0.021375 seconds .

========================================================================
Received Import Request.
  Time since last request: 85.913103 seconds.
  path: Assets/Scripts
  artifactKey: Guid(c4a3dc725ae854865a2d80bf73e8796a) Importer(815301076,1909f56bfc062723c751e8b465ee728b)
Start importing Assets/Scripts using Guid(c4a3dc725ae854865a2d80bf73e8796a) Importer(815301076,1909f56bfc062723c751e8b465ee728b)  -> (artifact id: 'c0ee0c4b6f8f473cbd4a38766b597d8b') in 0.001517 seconds
  Import took 0.005072 seconds .

========================================================================
Received Import Request.
  Time since last request: 111.819593 seconds.
  path: Assets/Scripts/MonsterGenerator.cs
  artifactKey: Guid(8266962f80774439a8bda22a71185d48) Importer(815301076,1909f56bfc062723c751e8b465ee728b)
Start importing Assets/Scripts/MonsterGenerator.cs using Guid(8266962f80774439a8bda22a71185d48) Importer(815301076,1909f56bfc062723c751e8b465ee728b)  -> (artifact id: '8fe8a412093dcd575d3d75657e323a38') in 0.387972 seconds
  Import took 0.391675 seconds .

========================================================================
Received Prepare
Registering precompiled user dll's ...
Registered in 0.004191 seconds.
Begin MonoManager ReloadAssembly
Native extension for OSXStandalone target not found
Native extension for WebGL target not found
Refreshing native plugins compatible for Editor in 0.44 ms, found 2 plugins.
Preloading 0 native plugins for Editor in 0.00 ms.
Mono: successfully reloaded assembly
- Completed reload, in  1.427 seconds
Platform modules already initialized, skipping
Refreshing native plugins compatible for Editor in 0.42 ms, found 2 plugins.
Preloading 0 native plugins for Editor in 0.00 ms.
Unloading 1742 Unused Serialized files (Serialized files now loaded: 0)
System memory in use before: 173.0 MB.
System memory in use after: 173.1 MB.

Unloading 15 unused Assets to reduce memory usage. Loaded Objects now: 2234.
Total: 2.166395 ms (FindLiveObjects: 0.221348 ms CreateObjectMapping: 0.066315 ms MarkObjects: 1.811658 ms  DeleteObjects: 0.065793 ms)

========================================================================
Received Prepare
Registering precompiled user dll's ...
Registered in 0.004749 seconds.
Begin MonoManager ReloadAssembly
Native extension for OSXStandalone target not found
Native extension for WebGL target not found
Refreshing native plugins compatible for Editor in 0.71 ms, found 2 plugins.
Preloading 0 native plugins for Editor in 0.00 ms.
Mono: successfully reloaded assembly
- Completed reload, in  1.630 seconds
Platform modules already initialized, skipping
Refreshing native plugins compatible for Editor in 0.44 ms, found 2 plugins.
Preloading 0 native plugins for Editor in 0.00 ms.
Unloading 1742 Unused Serialized files (Serialized files now loaded: 0)
System memory in use before: 173.2 MB.
System memory in use after: 173.3 MB.

Unloading 15 unused Assets to reduce memory usage. Loaded Objects now: 2238.
Total: 2.447324 ms (FindLiveObjects: 0.285579 ms CreateObjectMapping: 0.066501 ms MarkObjects: 2.012042 ms  DeleteObjects: 0.082296 ms)

========================================================================
Received Import Request.
  Time since last request: 728.221944 seconds.
  path: Assets/ARPokemonGoAssets/Monster
  artifactKey: Guid(e12adb03ea5be7241970235aa0152ff2) Importer(815301076,1909f56bfc062723c751e8b465ee728b)
Start importing Assets/ARPokemonGoAssets/Monster using Guid(e12adb03ea5be7241970235aa0152ff2) Importer(815301076,1909f56bfc062723c751e8b465ee728b)  -> (artifact id: '9cc3061146fa813f54a679dcc84877e5') in 0.004404 seconds
  Import took 0.009082 seconds .

========================================================================
Received Import Request.
  Time since last request: 0.009683 seconds.
  path: Assets/ARPokemonGoAssets/Monster
  artifactKey: Guid(e12adb03ea5be7241970235aa0152ff2) Importer(815301076,1909f56bfc062723c751e8b465ee728b)
Start importing Assets/ARPokemonGoAssets/Monster using Guid(e12adb03ea5be7241970235aa0152ff2) Importer(815301076,1909f56bfc062723c751e8b465ee728b)  -> (artifact id: '9cc3061146fa813f54a679dcc84877e5') in 0.000911 seconds
  Import took 0.004322 seconds .

========================================================================
Received Import Request.
  Time since last request: 0.048511 seconds.
  path: Assets/ARPokemonGoAssets/Monster/Monster Hunter.fbx
  artifactKey: Guid(7444217a75d75c842ab1de84042d17f1) Importer(815301076,1909f56bfc062723c751e8b465ee728b)
Start importing Assets/ARPokemonGoAssets/Monster/Monster Hunter.fbx using Guid(7444217a75d75c842ab1de84042d17f1) Importer(815301076,1909f56bfc062723c751e8b465ee728b)  -> (artifact id: 'a20d0f2d153df2579c9a64512b95487a') in 1.249113 seconds
  Import took 1.253492 seconds .

========================================================================
Received Import Request.
  Time since last request: 0.000201 seconds.
  path: Assets/ARPokemonGoAssets/Monster/Monster_Hunter_M.mat
  artifactKey: Guid(f578e6e61bcb23a49a923db1b282b281) Importer(815301076,1909f56bfc062723c751e8b465ee728b)
Start importing Assets/ARPokemonGoAssets/Monster/Monster_Hunter_M.mat using Guid(f578e6e61bcb23a49a923db1b282b281) Importer(815301076,1909f56bfc062723c751e8b465ee728b)  -> (artifact id: 'f159135a35b073c915a250775a8cee9e') in 0.039232 seconds
  Import took 0.042142 seconds .

========================================================================
Received Import Request.
  Time since last request: 0.000309 seconds.
  path: Assets/ARPokemonGoAssets/Monster/Shadow.mat
  artifactKey: Guid(1b402bfe597f1174fbd6fb39368c4b56) Importer(815301076,1909f56bfc062723c751e8b465ee728b)
Start importing Assets/ARPokemonGoAssets/Monster/Shadow.mat using Guid(1b402bfe597f1174fbd6fb39368c4b56) Importer(815301076,1909f56bfc062723c751e8b465ee728b)  -> (artifact id: 'e3c28589553fa6e25baf85b486c9bda1') in 0.011808 seconds
  Import took 0.015803 seconds .

========================================================================
Received Import Request.
  Time since last request: 0.000215 seconds.
  path: Assets/ARPokemonGoAssets/Monster/Texture Monster Hunter.png
  artifactKey: Guid(e40ca2a7c1f9138409914c02accd1e2c) Importer(815301076,1909f56bfc062723c751e8b465ee728b)
Start importing Assets/ARPokemonGoAssets/Monster/Texture Monster Hunter.png using Guid(e40ca2a7c1f9138409914c02accd1e2c) Importer(815301076,1909f56bfc062723c751e8b465ee728b)  -> (artifact id: 'e686f532a5399d6d87fbffe8dca63e8e') in 1.180127 seconds
  Import took 1.184435 seconds .

========================================================================
Received Import Request.
  Time since last request: 44.832161 seconds.
  path: Assets/Scripts/GameManager.cs
  artifactKey: Guid(04691a31b67254977b7854c3ef2a6d88) Importer(815301076,1909f56bfc062723c751e8b465ee728b)
Start importing Assets/Scripts/GameManager.cs using Guid(04691a31b67254977b7854c3ef2a6d88) Importer(815301076,1909f56bfc062723c751e8b465ee728b)  -> (artifact id: 'c939701976f2760ef8d23a3b5789c493') in 0.006997 seconds
  Import took 0.011270 seconds .

========================================================================
Received Import Request.
  Time since last request: 1515.165785 seconds.
  path: Assets/Scripts/MonsterGenerator.cs
  artifactKey: Guid(8266962f80774439a8bda22a71185d48) Importer(815301076,1909f56bfc062723c751e8b465ee728b)
Start importing Assets/Scripts/MonsterGenerator.cs using Guid(8266962f80774439a8bda22a71185d48) Importer(815301076,1909f56bfc062723c751e8b465ee728b)  -> (artifact id: '379dcbfc28ea73bb67554e4f6dc927f6') in 0.013692 seconds
  Import took 0.038151 seconds .

========================================================================
Received Import Request.
  Time since last request: 10.763626 seconds.
  path: Assets/Scripts/MonsterGenerator.cs
  artifactKey: Guid(8266962f80774439a8bda22a71185d48) Importer(815301076,1909f56bfc062723c751e8b465ee728b)
Start importing Assets/Scripts/MonsterGenerator.cs using Guid(8266962f80774439a8bda22a71185d48) Importer(815301076,1909f56bfc062723c751e8b465ee728b)  -> (artifact id: 'efd6eb676e6f57e55e06e2f0f1fc22b4') in 0.003111 seconds
  Import took 0.011516 seconds .

========================================================================
Received Import Request.
  Time since last request: 9.235800 seconds.
  path: Assets/Scripts/GameManager.cs
  artifactKey: Guid(04691a31b67254977b7854c3ef2a6d88) Importer(815301076,1909f56bfc062723c751e8b465ee728b)
Start importing Assets/Scripts/GameManager.cs using Guid(04691a31b67254977b7854c3ef2a6d88) Importer(815301076,1909f56bfc062723c751e8b465ee728b)  -> (artifact id: '61c4fe16f4a55a86d3f780262d584c52') in 0.002875 seconds
  Import took 0.007600 seconds .

========================================================================
Received Import Request.
  Time since last request: 496.055770 seconds.
  path: Assets/Scripts/NewBehaviourScript.cs
  artifactKey: Guid(9497cd21bc3d74d178eb3ddf34c6c228) Importer(815301076,1909f56bfc062723c751e8b465ee728b)
Start importing Assets/Scripts/NewBehaviourScript.cs using Guid(9497cd21bc3d74d178eb3ddf34c6c228) Importer(815301076,1909f56bfc062723c751e8b465ee728b)  -> (artifact id: 'fffd260331dbe550c17f15346732f54d') in 0.014063 seconds
  Import took 0.037502 seconds .

========================================================================
Received Prepare
Registering precompiled user dll's ...
Registered in 0.005595 seconds.
Begin MonoManager ReloadAssembly
Native extension for OSXStandalone target not found
Native extension for WebGL target not found
Refreshing native plugins compatible for Editor in 0.66 ms, found 2 plugins.
Preloading 0 native plugins for Editor in 0.00 ms.
Mono: successfully reloaded assembly
- Completed reload, in  1.501 seconds
Platform modules already initialized, skipping
Refreshing native plugins compatible for Editor in 0.40 ms, found 2 plugins.
Preloading 0 native plugins for Editor in 0.00 ms.
Unloading 1744 Unused Serialized files (Serialized files now loaded: 0)
System memory in use before: 182.2 MB.
System memory in use after: 182.3 MB.

Unloading 15 unused Assets to reduce memory usage. Loaded Objects now: 2246.
Total: 8.136053 ms (FindLiveObjects: 1.821741 ms CreateObjectMapping: 0.166228 ms MarkObjects: 6.039749 ms  DeleteObjects: 0.106912 ms)

========================================================================
Received Prepare
Registering precompiled user dll's ...
Registered in 0.003915 seconds.
Begin MonoManager ReloadAssembly
Native extension for OSXStandalone target not found
Native extension for WebGL target not found
Refreshing native plugins compatible for Editor in 0.45 ms, found 2 plugins.
Preloading 0 native plugins for Editor in 0.00 ms.
Mono: successfully reloaded assembly
- Completed reload, in  1.489 seconds
Platform modules already initialized, skipping
Refreshing native plugins compatible for Editor in 0.81 ms, found 2 plugins.
Preloading 0 native plugins for Editor in 0.00 ms.
Unloading 1743 Unused Serialized files (Serialized files now loaded: 0)
System memory in use before: 182.4 MB.
System memory in use after: 182.5 MB.

Unloading 16 unused Assets to reduce memory usage. Loaded Objects now: 2249.
Total: 2.425736 ms (FindLiveObjects: 0.238128 ms CreateObjectMapping: 0.081690 ms MarkObjects: 2.026425 ms  DeleteObjects: 0.078435 ms)

